<?xml version="1.0" encoding="UTF-8"?>
<!-- Generated by org.testng.reporters.JUnitReportReporter -->
<testsuite hostname="WKSPUN05GTR0523" failures="0" tests="2" name="stepdefination.RunnerTest" time="56.206" errors="0" timestamp="2024-10-03T09:34:50 IST" skipped="0">
  <testcase classname="stepdefination.RunnerTest" name="runScenario" time="28.900"/>
  <system-out/>
  <testcase classname="stepdefination.RunnerTest" name="runScenario" time="27.306"/>
  <system-out/>
</testsuite> <!-- stepdefination.RunnerTest -->
